Unable to find image 'nextflow/examples:latest' locally
latest: Pulling from nextflow/examples
a3ed95caeb02: Pulling fs layer
6f30d08062d9: Pulling fs layer
4d6629e30c21: Pulling fs layer
5e61605063f5: Pulling fs layer
f9b8be8f20d5: Pulling fs layer
83f5e020a184: Pulling fs layer
3fb42e15cc67: Pulling fs layer
4d6629e30c21: Waiting
946a0c547de7: Pulling fs layer
453637fd844d: Pulling fs layer
d1947d6cbbfd: Pulling fs layer
f9b8be8f20d5: Waiting
5e61605063f5: Waiting
83f5e020a184: Waiting
453637fd844d: Waiting
d1947d6cbbfd: Waiting
a3ed95caeb02: Verifying Checksum
a3ed95caeb02: Download complete
a3ed95caeb02: Pull complete
5e61605063f5: Verifying Checksum
5e61605063f5: Download complete
f9b8be8f20d5: Verifying Checksum
f9b8be8f20d5: Download complete
83f5e020a184: Verifying Checksum
83f5e020a184: Download complete
6f30d08062d9: Verifying Checksum
6f30d08062d9: Download complete
6f30d08062d9: Pull complete
3fb42e15cc67: Verifying Checksum
3fb42e15cc67: Download complete
453637fd844d: Verifying Checksum
453637fd844d: Download complete
d1947d6cbbfd: Verifying Checksum
4d6629e30c21: Verifying Checksum
4d6629e30c21: Download complete
4d6629e30c21: Pull complete
5e61605063f5: Pull complete
f9b8be8f20d5: Pull complete
83f5e020a184: Pull complete
3fb42e15cc67: Pull complete
Error response from daemon: Cannot kill container: nxf-K9T4BoIKMkPXhsdBUdJDAWRV: No such container: nxf-K9T4BoIKMkPXhsdBUdJDAWRV
Error response from daemon: Cannot kill container: nxf-K9T4BoIKMkPXhsdBUdJDAWRV: No such container: nxf-K9T4BoIKMkPXhsdBUdJDAWRV
